This file contains any messages produced by compilers while
running configure, to aid debugging if configure makes a mistake.

It was created by libjpeg-turbo configure 1.3.0, which was
generated by GNU Autoconf 2.59.  Invocation command line was

  $ ./configure --host x86_64-apple-darwin11 NASM=/opt/local/bin/nasm CFLAGS=-O3 -m64 -mmacosx-version-min=10.6 LDFLAGS=-m64 -mmacosx-version-min=10.6

## --------- ##
## Platform. ##
## --------- ##

hostname = luapower.org
uname -m = x86_64
uname -r = 3.13.0-24-generic
uname -s = Linux
uname -v = #47-Ubuntu SMP Fri May 2 23:30:00 UTC 2014

/usr/bin/uname -p = unknown
/bin/uname -X     = unknown

/bin/arch              = unknown
/usr/bin/arch -k       = unknown
/usr/convex/getsysinfo = unknown
hostinfo               = unknown
/bin/machine           = unknown
/usr/bin/oslevel       = unknown
/bin/universe          = unknown

PATH: /usr/local/sbin
PATH: /usr/local/bin
PATH: /usr/sbin
PATH: /usr/bin
PATH: /sbin
PATH: /bin
PATH: /usr/games
PATH: /usr/local/games
PATH: /home/cosmin/osxcross/target/bin


## ----------- ##
## Core tests. ##
## ----------- ##

configure:1632: checking for a BSD-compatible install
configure:1687: result: /usr/bin/install -c
configure:1698: checking whether build environment is sane
configure:1741: result: yes
configure:1806: checking for gawk
configure:1835: result: no
configure:1806: checking for mawk
configure:1822: found /usr/bin/mawk
configure:1832: result: mawk
configure:1842: checking whether make sets $(MAKE)
configure:1862: result: yes
configure:1938: checking for x86_64-apple-darwin11-strip
configure:1954: found /home/cosmin/osxcross/target/bin/x86_64-apple-darwin11-strip
configure:1964: result: x86_64-apple-darwin11-strip
configure:2054: checking for style of include used by make
configure:2082: result: GNU
configure:2115: checking for x86_64-apple-darwin11-gcc
configure:2131: found /home/cosmin/osxcross/target/bin/x86_64-apple-darwin11-gcc
configure:2141: result: x86_64-apple-darwin11-gcc
configure:2423: checking for C compiler version
configure:2426: x86_64-apple-darwin11-gcc --version </dev/null >&5
x86_64-apple-darwin11-gcc (GCC) 5.2.0
Copyright (C) 2015 Free Software Foundation, Inc.
This is free software; see the source for copying conditions.  There is NO
warranty; not even for MERCHANTABILITY or FITNESS FOR A PARTICULAR PURPOSE.

configure:2429: $? = 0
configure:2431: x86_64-apple-darwin11-gcc -v </dev/null >&5
Using built-in specs.
COLLECT_GCC=x86_64-apple-darwin11-gcc
COLLECT_LTO_WRAPPER=/home/cosmin/osxcross/target/bin/../libexec/gcc/x86_64-apple-darwin11/5.2.0/lto-wrapper
Target: x86_64-apple-darwin11
Configured with: ../configure --target=x86_64-apple-darwin11 --with-sysroot=/home/cosmin/osxcross/target/bin/../SDK/MacOSX10.7.sdk --disable-nls --enable-languages=c,c++,objc,obj-c++ --without-headers --enable-multilib --with-multilib-list=m32,m64 --enable-lto --enable-checking=release --disable-libstdcxx-pch --prefix=/home/cosmin/osxcross/target/bin/.. --with-system-zlib --with-ld=/home/cosmin/osxcross/target/bin/../bin/x86_64-apple-darwin11-ld --with-as=/home/cosmin/osxcross/target/bin/../bin/x86_64-apple-darwin11-as
Thread model: posix
gcc version 5.2.0 (GCC) 
COMPILER_PATH=/home/cosmin/osxcross/target/bin/../libexec/gcc/x86_64-apple-darwin11/5.2.0/:/home/cosmin/osxcross/target/bin/../libexec/gcc/:/home/cosmin/osxcross/target/bin/
LIBRARY_PATH=/home/cosmin/osxcross/target/bin/../lib/gcc/x86_64-apple-darwin11/5.2.0/:/home/cosmin/osxcross/target/bin/../lib/gcc/:/home/cosmin/osxcross/target/bin/../lib/gcc/x86_64-apple-darwin11/5.2.0/../../../../x86_64-apple-darwin11/lib/:/home/cosmin/osxcross/target/bin/../SDK/MacOSX10.7.sdk/usr/lib/
COLLECT_GCC_OPTIONS='-static-libgcc' '-static-libstdc++' '-isystem' '/home/cosmin/osxcross/target/bin/../SDK/MacOSX10.7.sdk' '-mmacosx-version-min=10.5.0' '-m64' '-v' '-mtune=core2'
 /home/cosmin/osxcross/target/bin/../libexec/gcc/x86_64-apple-darwin11/5.2.0/collect2 -dynamic -arch x86_64 -macosx_version_min 10.5.0 -syslibroot /home/cosmin/osxcross/target/bin/../SDK/MacOSX10.7.sdk -weak_reference_mismatches non-weak -o a.out -lcrt1.10.5.o -L/home/cosmin/osxcross/target/bin/../lib/gcc/x86_64-apple-darwin11/5.2.0 -L/home/cosmin/osxcross/target/bin/../lib/gcc -L/home/cosmin/osxcross/target/bin/../lib/gcc/x86_64-apple-darwin11/5.2.0/../../../../x86_64-apple-darwin11/lib -L/home/cosmin/osxcross/target/bin/../SDK/MacOSX10.7.sdk/usr/lib -no_compact_unwind -lgcc_eh -lgcc -lSystem -v
collect2 version 5.2.0
/home/cosmin/osxcross/target/bin/../bin/x86_64-apple-darwin11-ld -dynamic -arch x86_64 -macosx_version_min 10.5.0 -syslibroot /home/cosmin/osxcross/target/bin/../SDK/MacOSX10.7.sdk -weak_reference_mismatches non-weak -o a.out -lcrt1.10.5.o -L/home/cosmin/osxcross/target/bin/../lib/gcc/x86_64-apple-darwin11/5.2.0 -L/home/cosmin/osxcross/target/bin/../lib/gcc -L/home/cosmin/osxcross/target/bin/../lib/gcc/x86_64-apple-darwin11/5.2.0/../../../../x86_64-apple-darwin11/lib -L/home/cosmin/osxcross/target/bin/../SDK/MacOSX10.7.sdk/usr/lib -no_compact_unwind -lgcc_eh -lgcc -lSystem -v
253.3
configured to support archs: armv4t armv5 armv6 armv7 armv7f armv7k armv7s armv6m armv7m armv7em armv8 arm64 arm64v8 i386 x86_64 x86_64h (tvOS)
Library search paths:
	/home/cosmin/osxcross/target/lib/gcc/x86_64-apple-darwin11/5.2.0
	/home/cosmin/osxcross/target/lib/gcc
	/home/cosmin/osxcross/target/x86_64-apple-darwin11/lib
	/home/cosmin/osxcross/target/SDK/MacOSX10.7.sdk/usr/lib
	/home/cosmin/osxcross/target/bin/../SDK/MacOSX10.7.sdk/usr/lib
Framework search paths:
	/home/cosmin/osxcross/target/bin/../SDK/MacOSX10.7.sdk/System/Library/Frameworks/
Undefined symbols for architecture x86_64:
  "_main", referenced from:
      start in crt1.10.5.o
ld: symbol(s) not found for architecture x86_64
collect2: error: ld returned 1 exit status
configure:2434: $? = 1
configure:2436: x86_64-apple-darwin11-gcc -V </dev/null >&5
x86_64-apple-darwin11-gcc: error: unrecognized command line option '-V'
configure:2439: $? = 1
configure:2462: checking for C compiler default output file name
configure:2465: x86_64-apple-darwin11-gcc -O3 -m64 -mmacosx-version-min=10.6  -m64 -mmacosx-version-min=10.6 conftest.c  >&5
configure:2468: $? = 0
configure:2514: result: a.out
configure:2519: checking whether the C compiler works
configure:2525: ./a.out
./configure: line 2526: ./a.out: cannot execute binary file: Exec format error
configure:2528: $? = 126
configure:2545: result: yes
configure:2552: checking whether we are cross compiling
configure:2554: result: yes
configure:2557: checking for suffix of executables
configure:2559: x86_64-apple-darwin11-gcc -o conftest -O3 -m64 -mmacosx-version-min=10.6  -m64 -mmacosx-version-min=10.6 conftest.c  >&5
configure:2562: $? = 0
configure:2587: result: 
configure:2593: checking for suffix of object files
configure:2614: x86_64-apple-darwin11-gcc -c -O3 -m64 -mmacosx-version-min=10.6  conftest.c >&5
configure:2617: $? = 0
configure:2639: result: o
configure:2643: checking whether we are using the GNU C compiler
configure:2667: x86_64-apple-darwin11-gcc -c -O3 -m64 -mmacosx-version-min=10.6  conftest.c >&5
configure:2673: $? = 0
configure:2677: test -z 
			 || test ! -s conftest.err
configure:2680: $? = 0
configure:2683: test -s conftest.o
configure:2686: $? = 0
configure:2699: result: yes
configure:2705: checking whether x86_64-apple-darwin11-gcc accepts -g
configure:2726: x86_64-apple-darwin11-gcc -c -g  conftest.c >&5
configure:2732: $? = 0
configure:2736: test -z 
			 || test ! -s conftest.err
configure:2739: $? = 0
configure:2742: test -s conftest.o
configure:2745: $? = 0
configure:2756: result: yes
configure:2773: checking for x86_64-apple-darwin11-gcc option to accept ANSI C
configure:2843: x86_64-apple-darwin11-gcc  -c -O3 -m64 -mmacosx-version-min=10.6  conftest.c >&5
configure:2849: $? = 0
configure:2853: test -z 
			 || test ! -s conftest.err
configure:2856: $? = 0
configure:2859: test -s conftest.o
configure:2862: $? = 0
configure:2880: result: none needed
configure:2898: x86_64-apple-darwin11-gcc -c -O3 -m64 -mmacosx-version-min=10.6  conftest.c >&5
conftest.c:2:3: error: unknown type name 'choke'
   choke me
   ^
conftest.c:2:3: error: expected '=', ',', ';', 'asm' or '__attribute__' at end of input
configure:2904: $? = 1
configure: failed program was:
| #ifndef __cplusplus
|   choke me
| #endif
configure:3039: checking dependency style of x86_64-apple-darwin11-gcc
configure:3129: result: gcc3
configure:3151: checking how to run the C preprocessor
configure:3186: x86_64-apple-darwin11-gcc -E  conftest.c
configure:3192: $? = 0
configure:3224: x86_64-apple-darwin11-gcc -E  conftest.c
conftest.c:12:28: fatal error: ac_nonexistent.h: No such file or directory
compilation terminated.
configure:3230: $? = 1
configure: failed program was:
| /* confdefs.h.  */
| 
| #define PACKAGE_NAME "libjpeg-turbo"
| #define PACKAGE_TARNAME "libjpeg-turbo"
| #define PACKAGE_VERSION "1.3.0"
| #define PACKAGE_STRING "libjpeg-turbo 1.3.0"
| #define PACKAGE_BUGREPORT ""
| #define PACKAGE "libjpeg-turbo"
| #define VERSION "1.3.0"
| #define HAVE_PROTOTYPES 1
| /* end confdefs.h.  */
| #include <ac_nonexistent.h>
configure:3269: result: x86_64-apple-darwin11-gcc -E
configure:3293: x86_64-apple-darwin11-gcc -E  conftest.c
configure:3299: $? = 0
configure:3331: x86_64-apple-darwin11-gcc -E  conftest.c
conftest.c:12:28: fatal error: ac_nonexistent.h: No such file or directory
compilation terminated.
configure:3337: $? = 1
configure: failed program was:
| /* confdefs.h.  */
| 
| #define PACKAGE_NAME "libjpeg-turbo"
| #define PACKAGE_TARNAME "libjpeg-turbo"
| #define PACKAGE_VERSION "1.3.0"
| #define PACKAGE_STRING "libjpeg-turbo 1.3.0"
| #define PACKAGE_BUGREPORT ""
| #define PACKAGE "libjpeg-turbo"
| #define VERSION "1.3.0"
| #define HAVE_PROTOTYPES 1
| /* end confdefs.h.  */
| #include <ac_nonexistent.h>
configure:3388: checking for x86_64-apple-darwin11-gcc
configure:3414: result: x86_64-apple-darwin11-gcc
configure:3696: checking for C compiler version
configure:3699: x86_64-apple-darwin11-gcc --version </dev/null >&5
x86_64-apple-darwin11-gcc (GCC) 5.2.0
Copyright (C) 2015 Free Software Foundation, Inc.
This is free software; see the source for copying conditions.  There is NO
warranty; not even for MERCHANTABILITY or FITNESS FOR A PARTICULAR PURPOSE.

configure:3702: $? = 0
configure:3704: x86_64-apple-darwin11-gcc -v </dev/null >&5
Using built-in specs.
COLLECT_GCC=x86_64-apple-darwin11-gcc
COLLECT_LTO_WRAPPER=/home/cosmin/osxcross/target/bin/../libexec/gcc/x86_64-apple-darwin11/5.2.0/lto-wrapper
Target: x86_64-apple-darwin11
Configured with: ../configure --target=x86_64-apple-darwin11 --with-sysroot=/home/cosmin/osxcross/target/bin/../SDK/MacOSX10.7.sdk --disable-nls --enable-languages=c,c++,objc,obj-c++ --without-headers --enable-multilib --with-multilib-list=m32,m64 --enable-lto --enable-checking=release --disable-libstdcxx-pch --prefix=/home/cosmin/osxcross/target/bin/.. --with-system-zlib --with-ld=/home/cosmin/osxcross/target/bin/../bin/x86_64-apple-darwin11-ld --with-as=/home/cosmin/osxcross/target/bin/../bin/x86_64-apple-darwin11-as
Thread model: posix
gcc version 5.2.0 (GCC) 
COMPILER_PATH=/home/cosmin/osxcross/target/bin/../libexec/gcc/x86_64-apple-darwin11/5.2.0/:/home/cosmin/osxcross/target/bin/../libexec/gcc/:/home/cosmin/osxcross/target/bin/
LIBRARY_PATH=/home/cosmin/osxcross/target/bin/../lib/gcc/x86_64-apple-darwin11/5.2.0/:/home/cosmin/osxcross/target/bin/../lib/gcc/:/home/cosmin/osxcross/target/bin/../lib/gcc/x86_64-apple-darwin11/5.2.0/../../../../x86_64-apple-darwin11/lib/:/home/cosmin/osxcross/target/bin/../SDK/MacOSX10.7.sdk/usr/lib/
COLLECT_GCC_OPTIONS='-static-libgcc' '-static-libstdc++' '-isystem' '/home/cosmin/osxcross/target/bin/../SDK/MacOSX10.7.sdk' '-mmacosx-version-min=10.5.0' '-m64' '-v' '-mtune=core2'
 /home/cosmin/osxcross/target/bin/../libexec/gcc/x86_64-apple-darwin11/5.2.0/collect2 -dynamic -arch x86_64 -macosx_version_min 10.5.0 -syslibroot /home/cosmin/osxcross/target/bin/../SDK/MacOSX10.7.sdk -weak_reference_mismatches non-weak -o a.out -lcrt1.10.5.o -L/home/cosmin/osxcross/target/bin/../lib/gcc/x86_64-apple-darwin11/5.2.0 -L/home/cosmin/osxcross/target/bin/../lib/gcc -L/home/cosmin/osxcross/target/bin/../lib/gcc/x86_64-apple-darwin11/5.2.0/../../../../x86_64-apple-darwin11/lib -L/home/cosmin/osxcross/target/bin/../SDK/MacOSX10.7.sdk/usr/lib -no_compact_unwind -lgcc_eh -lgcc -lSystem -v
collect2 version 5.2.0
/home/cosmin/osxcross/target/bin/../bin/x86_64-apple-darwin11-ld -dynamic -arch x86_64 -macosx_version_min 10.5.0 -syslibroot /home/cosmin/osxcross/target/bin/../SDK/MacOSX10.7.sdk -weak_reference_mismatches non-weak -o a.out -lcrt1.10.5.o -L/home/cosmin/osxcross/target/bin/../lib/gcc/x86_64-apple-darwin11/5.2.0 -L/home/cosmin/osxcross/target/bin/../lib/gcc -L/home/cosmin/osxcross/target/bin/../lib/gcc/x86_64-apple-darwin11/5.2.0/../../../../x86_64-apple-darwin11/lib -L/home/cosmin/osxcross/target/bin/../SDK/MacOSX10.7.sdk/usr/lib -no_compact_unwind -lgcc_eh -lgcc -lSystem -v
253.3
configured to support archs: armv4t armv5 armv6 armv7 armv7f armv7k armv7s armv6m armv7m armv7em armv8 arm64 arm64v8 i386 x86_64 x86_64h (tvOS)
Library search paths:
	/home/cosmin/osxcross/target/lib/gcc/x86_64-apple-darwin11/5.2.0
	/home/cosmin/osxcross/target/lib/gcc
	/home/cosmin/osxcross/target/x86_64-apple-darwin11/lib
	/home/cosmin/osxcross/target/SDK/MacOSX10.7.sdk/usr/lib
	/home/cosmin/osxcross/target/bin/../SDK/MacOSX10.7.sdk/usr/lib
Framework search paths:
	/home/cosmin/osxcross/target/bin/../SDK/MacOSX10.7.sdk/System/Library/Frameworks/
Undefined symbols for architecture x86_64:
  "_main", referenced from:
      start in crt1.10.5.o
ld: symbol(s) not found for architecture x86_64
collect2: error: ld returned 1 exit status
configure:3707: $? = 1
configure:3709: x86_64-apple-darwin11-gcc -V </dev/null >&5
x86_64-apple-darwin11-gcc: error: unrecognized command line option '-V'
configure:3712: $? = 1
configure:3715: checking whether we are using the GNU C compiler
configure:3771: result: yes
configure:3777: checking whether x86_64-apple-darwin11-gcc accepts -g
configure:3828: result: yes
configure:3845: checking for x86_64-apple-darwin11-gcc option to accept ANSI C
configure:3952: result: none needed
configure:3970: x86_64-apple-darwin11-gcc -c -O3 -m64 -mmacosx-version-min=10.6  conftest.c >&5
conftest.c:2:3: error: unknown type name 'choke'
   choke me
   ^
conftest.c:2:3: error: expected '=', ',', ';', 'asm' or '__attribute__' at end of input
configure:3976: $? = 1
configure: failed program was:
| #ifndef __cplusplus
|   choke me
| #endif
configure:4111: checking dependency style of x86_64-apple-darwin11-gcc
configure:4201: result: gcc3
configure:4238: checking for a BSD-compatible install
configure:4293: result: /usr/bin/install -c
configure:4382: checking build system type
configure:4400: result: x86_64-unknown-linux-gnu
configure:4408: checking host system type
configure:4422: result: x86_64-apple-darwin11
configure:4430: checking for a sed that does not truncate output
configure:4484: result: /bin/sed
configure:4487: checking for egrep
configure:4497: result: grep -E
configure:4513: checking for ld used by x86_64-apple-darwin11-gcc
configure:4580: result: /home/cosmin/osxcross/target/bin/x86_64-apple-darwin11-ld
configure:4589: checking if the linker (/home/cosmin/osxcross/target/bin/x86_64-apple-darwin11-ld) is GNU ld
configure:4604: result: no
configure:4609: checking for /home/cosmin/osxcross/target/bin/x86_64-apple-darwin11-ld option to reload object files
configure:4616: result: -r
configure:4625: checking for BSD-compatible nm
configure:4667: result: /home/cosmin/osxcross/target/bin/x86_64-apple-darwin11-nm
configure:4671: checking whether ln -s works
configure:4675: result: yes
configure:4682: checking how to recognise dependent libraries
configure:4865: result: pass_all
configure:5075: checking for ANSI C header files
configure:5100: x86_64-apple-darwin11-gcc -c -O3 -m64 -mmacosx-version-min=10.6  conftest.c >&5
configure:5106: $? = 0
configure:5110: test -z 
			 || test ! -s conftest.err
configure:5113: $? = 0
configure:5116: test -s conftest.o
configure:5119: $? = 0
configure:5231: result: yes
configure:5255: checking for sys/types.h
configure:5271: x86_64-apple-darwin11-gcc -c -O3 -m64 -mmacosx-version-min=10.6  conftest.c >&5
configure:5277: $? = 0
configure:5281: test -z 
			 || test ! -s conftest.err
configure:5284: $? = 0
configure:5287: test -s conftest.o
configure:5290: $? = 0
configure:5301: result: yes
configure:5255: checking for sys/stat.h
configure:5271: x86_64-apple-darwin11-gcc -c -O3 -m64 -mmacosx-version-min=10.6  conftest.c >&5
configure:5277: $? = 0
configure:5281: test -z 
			 || test ! -s conftest.err
configure:5284: $? = 0
configure:5287: test -s conftest.o
configure:5290: $? = 0
configure:5301: result: yes
configure:5255: checking for stdlib.h
configure:5271: x86_64-apple-darwin11-gcc -c -O3 -m64 -mmacosx-version-min=10.6  conftest.c >&5
configure:5277: $? = 0
configure:5281: test -z 
			 || test ! -s conftest.err
configure:5284: $? = 0
configure:5287: test -s conftest.o
configure:5290: $? = 0
configure:5301: result: yes
configure:5255: checking for string.h
configure:5271: x86_64-apple-darwin11-gcc -c -O3 -m64 -mmacosx-version-min=10.6  conftest.c >&5
configure:5277: $? = 0
configure:5281: test -z 
			 || test ! -s conftest.err
configure:5284: $? = 0
configure:5287: test -s conftest.o
configure:5290: $? = 0
configure:5301: result: yes
configure:5255: checking for memory.h
configure:5271: x86_64-apple-darwin11-gcc -c -O3 -m64 -mmacosx-version-min=10.6  conftest.c >&5
configure:5277: $? = 0
configure:5281: test -z 
			 || test ! -s conftest.err
configure:5284: $? = 0
configure:5287: test -s conftest.o
configure:5290: $? = 0
configure:5301: result: yes
configure:5255: checking for strings.h
configure:5271: x86_64-apple-darwin11-gcc -c -O3 -m64 -mmacosx-version-min=10.6  conftest.c >&5
configure:5277: $? = 0
configure:5281: test -z 
			 || test ! -s conftest.err
configure:5284: $? = 0
configure:5287: test -s conftest.o
configure:5290: $? = 0
configure:5301: result: yes
configure:5255: checking for inttypes.h
configure:5271: x86_64-apple-darwin11-gcc -c -O3 -m64 -mmacosx-version-min=10.6  conftest.c >&5
configure:5277: $? = 0
configure:5281: test -z 
			 || test ! -s conftest.err
configure:5284: $? = 0
configure:5287: test -s conftest.o
configure:5290: $? = 0
configure:5301: result: yes
configure:5255: checking for stdint.h
configure:5271: x86_64-apple-darwin11-gcc -c -O3 -m64 -mmacosx-version-min=10.6  conftest.c >&5
configure:5277: $? = 0
configure:5281: test -z 
			 || test ! -s conftest.err
configure:5284: $? = 0
configure:5287: test -s conftest.o
configure:5290: $? = 0
configure:5301: result: yes
configure:5255: checking for unistd.h
configure:5271: x86_64-apple-darwin11-gcc -c -O3 -m64 -mmacosx-version-min=10.6  conftest.c >&5
configure:5277: $? = 0
configure:5281: test -z 
			 || test ! -s conftest.err
configure:5284: $? = 0
configure:5287: test -s conftest.o
configure:5290: $? = 0
configure:5301: result: yes
configure:5327: checking dlfcn.h usability
configure:5339: x86_64-apple-darwin11-gcc -c -O3 -m64 -mmacosx-version-min=10.6  conftest.c >&5
configure:5345: $? = 0
configure:5349: test -z 
			 || test ! -s conftest.err
configure:5352: $? = 0
configure:5355: test -s conftest.o
configure:5358: $? = 0
configure:5368: result: yes
configure:5372: checking dlfcn.h presence
configure:5382: x86_64-apple-darwin11-gcc -E  conftest.c
configure:5388: $? = 0
configure:5408: result: yes
configure:5443: checking for dlfcn.h
configure:5450: result: yes
configure:5473: checking for x86_64-apple-darwin11-g++
configure:5489: found /home/cosmin/osxcross/target/bin/x86_64-apple-darwin11-g++
configure:5499: result: x86_64-apple-darwin11-g++
configure:5557: checking for C++ compiler version
configure:5560: x86_64-apple-darwin11-g++ --version </dev/null >&5
x86_64-apple-darwin11-g++ (GCC) 5.2.0
Copyright (C) 2015 Free Software Foundation, Inc.
This is free software; see the source for copying conditions.  There is NO
warranty; not even for MERCHANTABILITY or FITNESS FOR A PARTICULAR PURPOSE.

configure:5563: $? = 0
configure:5565: x86_64-apple-darwin11-g++ -v </dev/null >&5
Using built-in specs.
COLLECT_GCC=x86_64-apple-darwin11-g++
COLLECT_LTO_WRAPPER=/home/cosmin/osxcross/target/bin/../libexec/gcc/x86_64-apple-darwin11/5.2.0/lto-wrapper
Target: x86_64-apple-darwin11
Configured with: ../configure --target=x86_64-apple-darwin11 --with-sysroot=/home/cosmin/osxcross/target/bin/../SDK/MacOSX10.7.sdk --disable-nls --enable-languages=c,c++,objc,obj-c++ --without-headers --enable-multilib --with-multilib-list=m32,m64 --enable-lto --enable-checking=release --disable-libstdcxx-pch --prefix=/home/cosmin/osxcross/target/bin/.. --with-system-zlib --with-ld=/home/cosmin/osxcross/target/bin/../bin/x86_64-apple-darwin11-ld --with-as=/home/cosmin/osxcross/target/bin/../bin/x86_64-apple-darwin11-as
Thread model: posix
gcc version 5.2.0 (GCC) 
COMPILER_PATH=/home/cosmin/osxcross/target/bin/../libexec/gcc/x86_64-apple-darwin11/5.2.0/:/home/cosmin/osxcross/target/bin/../libexec/gcc/:/home/cosmin/osxcross/target/bin/
LIBRARY_PATH=/home/cosmin/osxcross/target/bin/../lib/gcc/x86_64-apple-darwin11/5.2.0/:/home/cosmin/osxcross/target/bin/../lib/gcc/:/home/cosmin/osxcross/target/bin/../lib/gcc/x86_64-apple-darwin11/5.2.0/../../../../x86_64-apple-darwin11/lib/:/home/cosmin/osxcross/target/bin/../SDK/MacOSX10.7.sdk/usr/lib/
COLLECT_GCC_OPTIONS='-static-libgcc' '-isystem' '/home/cosmin/osxcross/target/bin/../SDK/MacOSX10.7.sdk' '-mmacosx-version-min=10.5.0' '-m64' '-v' '-mtune=core2'
 /home/cosmin/osxcross/target/bin/../libexec/gcc/x86_64-apple-darwin11/5.2.0/collect2 -dynamic -arch x86_64 -macosx_version_min 10.5.0 -syslibroot /home/cosmin/osxcross/target/bin/../SDK/MacOSX10.7.sdk -weak_reference_mismatches non-weak -o a.out -lcrt1.10.5.o -L/home/cosmin/osxcross/target/bin/../lib/gcc/x86_64-apple-darwin11/5.2.0 -L/home/cosmin/osxcross/target/bin/../lib/gcc -L/home/cosmin/osxcross/target/bin/../lib/gcc/x86_64-apple-darwin11/5.2.0/../../../../x86_64-apple-darwin11/lib -L/home/cosmin/osxcross/target/bin/../SDK/MacOSX10.7.sdk/usr/lib -no_compact_unwind /home/cosmin/osxcross/target/bin/../lib/gcc/x86_64-apple-darwin11/5.2.0/../../../../x86_64-apple-darwin11/lib/libstdc++.a -lgcc_eh -lgcc -lSystem -v
collect2 version 5.2.0
/home/cosmin/osxcross/target/bin/../bin/x86_64-apple-darwin11-ld -dynamic -arch x86_64 -macosx_version_min 10.5.0 -syslibroot /home/cosmin/osxcross/target/bin/../SDK/MacOSX10.7.sdk -weak_reference_mismatches non-weak -o a.out -lcrt1.10.5.o -L/home/cosmin/osxcross/target/bin/../lib/gcc/x86_64-apple-darwin11/5.2.0 -L/home/cosmin/osxcross/target/bin/../lib/gcc -L/home/cosmin/osxcross/target/bin/../lib/gcc/x86_64-apple-darwin11/5.2.0/../../../../x86_64-apple-darwin11/lib -L/home/cosmin/osxcross/target/bin/../SDK/MacOSX10.7.sdk/usr/lib -no_compact_unwind /home/cosmin/osxcross/target/bin/../lib/gcc/x86_64-apple-darwin11/5.2.0/../../../../x86_64-apple-darwin11/lib/libstdc++.a -lgcc_eh -lgcc -lSystem -v
253.3
configured to support archs: armv4t armv5 armv6 armv7 armv7f armv7k armv7s armv6m armv7m armv7em armv8 arm64 arm64v8 i386 x86_64 x86_64h (tvOS)
Library search paths:
	/home/cosmin/osxcross/target/lib/gcc/x86_64-apple-darwin11/5.2.0
	/home/cosmin/osxcross/target/lib/gcc
	/home/cosmin/osxcross/target/x86_64-apple-darwin11/lib
	/home/cosmin/osxcross/target/SDK/MacOSX10.7.sdk/usr/lib
	/home/cosmin/osxcross/target/bin/../SDK/MacOSX10.7.sdk/usr/lib
Framework search paths:
	/home/cosmin/osxcross/target/bin/../SDK/MacOSX10.7.sdk/System/Library/Frameworks/
Undefined symbols for architecture x86_64:
  "_main", referenced from:
      start in crt1.10.5.o
ld: symbol(s) not found for architecture x86_64
collect2: error: ld returned 1 exit status
configure:5568: $? = 1
configure:5570: x86_64-apple-darwin11-g++ -V </dev/null >&5
x86_64-apple-darwin11-g++: error: unrecognized command line option '-V'
configure:5573: $? = 1
configure:5576: checking whether we are using the GNU C++ compiler
configure:5600: x86_64-apple-darwin11-g++ -c   conftest.cc >&5
configure:5606: $? = 0
configure:5610: test -z 
			 || test ! -s conftest.err
configure:5613: $? = 0
configure:5616: test -s conftest.o
configure:5619: $? = 0
configure:5632: result: yes
configure:5638: checking whether x86_64-apple-darwin11-g++ accepts -g
configure:5659: x86_64-apple-darwin11-g++ -c -g  conftest.cc >&5
configure:5665: $? = 0
configure:5669: test -z 
			 || test ! -s conftest.err
configure:5672: $? = 0
configure:5675: test -s conftest.o
configure:5678: $? = 0
configure:5689: result: yes
configure:5731: x86_64-apple-darwin11-g++ -c -g -O2  conftest.cc >&5
configure:5737: $? = 0
configure:5741: test -z 
			 || test ! -s conftest.err
configure:5744: $? = 0
configure:5747: test -s conftest.o
configure:5750: $? = 0
configure:5776: x86_64-apple-darwin11-g++ -c -g -O2  conftest.cc >&5
conftest.cc: In function 'int main()':
conftest.cc:27:9: error: 'exit' was not declared in this scope
 exit (42);
         ^
configure:5782: $? = 1
configure: failed program was:
| /* confdefs.h.  */
| 
| #define PACKAGE_NAME "libjpeg-turbo"
| #define PACKAGE_TARNAME "libjpeg-turbo"
| #define PACKAGE_VERSION "1.3.0"
| #define PACKAGE_STRING "libjpeg-turbo 1.3.0"
| #define PACKAGE_BUGREPORT ""
| #define PACKAGE "libjpeg-turbo"
| #define VERSION "1.3.0"
| #define HAVE_PROTOTYPES 1
| #define STDC_HEADERS 1
| #define HAVE_SYS_TYPES_H 1
| #define HAVE_SYS_STAT_H 1
| #define HAVE_STDLIB_H 1
| #define HAVE_STRING_H 1
| #define HAVE_MEMORY_H 1
| #define HAVE_STRINGS_H 1
| #define HAVE_INTTYPES_H 1
| #define HAVE_STDINT_H 1
| #define HAVE_UNISTD_H 1
| #define HAVE_DLFCN_H 1
| /* end confdefs.h.  */
| 
| int
| main ()
| {
| exit (42);
|   ;
|   return 0;
| }
configure:5731: x86_64-apple-darwin11-g++ -c -g -O2  conftest.cc >&5
conftest.cc:23:40: error: 'void std::exit(int)' should have been declared inside 'std'
 extern "C" void std::exit (int) throw (); using std::exit;
                                        ^
In file included from /home/cosmin/osxcross/target/SDK/MacOSX10.7.sdk/usr/include/sys/_types.h:32:0,
                 from /home/cosmin/osxcross/target/SDK/MacOSX10.7.sdk/usr/include/_types.h:27,
                 from /home/cosmin/osxcross/target/SDK/MacOSX10.7.sdk/usr/include/stdlib.h:63,
                 from conftest.cc:24:
/home/cosmin/osxcross/target/SDK/MacOSX10.7.sdk/usr/include/stdlib.h:159:17: error: declaration of 'void std::exit(int)' has a different exception specifier
 void  exit(int) __dead2;
                 ^
conftest.cc:23:17: error: from previous declaration 'void std::exit(int) throw ()'
 extern "C" void std::exit (int) throw (); using std::exit;
                 ^
configure:5737: $? = 1
configure: failed program was:
| /* confdefs.h.  */
| 
| #define PACKAGE_NAME "libjpeg-turbo"
| #define PACKAGE_TARNAME "libjpeg-turbo"
| #define PACKAGE_VERSION "1.3.0"
| #define PACKAGE_STRING "libjpeg-turbo 1.3.0"
| #define PACKAGE_BUGREPORT ""
| #define PACKAGE "libjpeg-turbo"
| #define VERSION "1.3.0"
| #define HAVE_PROTOTYPES 1
| #define STDC_HEADERS 1
| #define HAVE_SYS_TYPES_H 1
| #define HAVE_SYS_STAT_H 1
| #define HAVE_STDLIB_H 1
| #define HAVE_STRING_H 1
| #define HAVE_MEMORY_H 1
| #define HAVE_STRINGS_H 1
| #define HAVE_INTTYPES_H 1
| #define HAVE_STDINT_H 1
| #define HAVE_UNISTD_H 1
| #define HAVE_DLFCN_H 1
| /* end confdefs.h.  */
| extern "C" void std::exit (int) throw (); using std::exit;
| #include <stdlib.h>
| int
| main ()
| {
| exit (42);
|   ;
|   return 0;
| }
configure:5731: x86_64-apple-darwin11-g++ -c -g -O2  conftest.cc >&5
conftest.cc:23:31: error: 'void std::exit(int)' should have been declared inside 'std'
 extern "C" void std::exit (int); using std::exit;
                               ^
configure:5737: $? = 1
configure: failed program was:
| /* confdefs.h.  */
| 
| #define PACKAGE_NAME "libjpeg-turbo"
| #define PACKAGE_TARNAME "libjpeg-turbo"
| #define PACKAGE_VERSION "1.3.0"
| #define PACKAGE_STRING "libjpeg-turbo 1.3.0"
| #define PACKAGE_BUGREPORT ""
| #define PACKAGE "libjpeg-turbo"
| #define VERSION "1.3.0"
| #define HAVE_PROTOTYPES 1
| #define STDC_HEADERS 1
| #define HAVE_SYS_TYPES_H 1
| #define HAVE_SYS_STAT_H 1
| #define HAVE_STDLIB_H 1
| #define HAVE_STRING_H 1
| #define HAVE_MEMORY_H 1
| #define HAVE_STRINGS_H 1
| #define HAVE_INTTYPES_H 1
| #define HAVE_STDINT_H 1
| #define HAVE_UNISTD_H 1
| #define HAVE_DLFCN_H 1
| /* end confdefs.h.  */
| extern "C" void std::exit (int); using std::exit;
| #include <stdlib.h>
| int
| main ()
| {
| exit (42);
|   ;
|   return 0;
| }
configure:5731: x86_64-apple-darwin11-g++ -c -g -O2  conftest.cc >&5
In file included from /home/cosmin/osxcross/target/SDK/MacOSX10.7.sdk/usr/include/sys/_types.h:32:0,
                 from /home/cosmin/osxcross/target/SDK/MacOSX10.7.sdk/usr/include/_types.h:27,
                 from /home/cosmin/osxcross/target/SDK/MacOSX10.7.sdk/usr/include/stdlib.h:63,
                 from conftest.cc:24:
/home/cosmin/osxcross/target/SDK/MacOSX10.7.sdk/usr/include/stdlib.h:159:17: error: declaration of 'void exit(int)' has a different exception specifier
 void  exit(int) __dead2;
                 ^
conftest.cc:23:17: error: from previous declaration 'void exit(int) throw ()'
 extern "C" void exit (int) throw ();
                 ^
configure:5737: $? = 1
configure: failed program was:
| /* confdefs.h.  */
| 
| #define PACKAGE_NAME "libjpeg-turbo"
| #define PACKAGE_TARNAME "libjpeg-turbo"
| #define PACKAGE_VERSION "1.3.0"
| #define PACKAGE_STRING "libjpeg-turbo 1.3.0"
| #define PACKAGE_BUGREPORT ""
| #define PACKAGE "libjpeg-turbo"
| #define VERSION "1.3.0"
| #define HAVE_PROTOTYPES 1
| #define STDC_HEADERS 1
| #define HAVE_SYS_TYPES_H 1
| #define HAVE_SYS_STAT_H 1
| #define HAVE_STDLIB_H 1
| #define HAVE_STRING_H 1
| #define HAVE_MEMORY_H 1
| #define HAVE_STRINGS_H 1
| #define HAVE_INTTYPES_H 1
| #define HAVE_STDINT_H 1
| #define HAVE_UNISTD_H 1
| #define HAVE_DLFCN_H 1
| /* end confdefs.h.  */
| extern "C" void exit (int) throw ();
| #include <stdlib.h>
| int
| main ()
| {
| exit (42);
|   ;
|   return 0;
| }
configure:5731: x86_64-apple-darwin11-g++ -c -g -O2  conftest.cc >&5
configure:5737: $? = 0
configure:5741: test -z 
			 || test ! -s conftest.err
configure:5744: $? = 0
configure:5747: test -s conftest.o
configure:5750: $? = 0
configure:5776: x86_64-apple-darwin11-g++ -c -g -O2  conftest.cc >&5
configure:5782: $? = 0
configure:5786: test -z 
			 || test ! -s conftest.err
configure:5789: $? = 0
configure:5792: test -s conftest.o
configure:5795: $? = 0
configure:5820: checking dependency style of x86_64-apple-darwin11-g++
configure:5910: result: gcc3
configure:5932: checking how to run the C++ preprocessor
configure:5963: x86_64-apple-darwin11-g++ -E  conftest.cc
configure:5969: $? = 0
configure:6001: x86_64-apple-darwin11-g++ -E  conftest.cc
conftest.cc:26:28: fatal error: ac_nonexistent.h: No such file or directory
compilation terminated.
configure:6007: $? = 1
configure: failed program was:
| /* confdefs.h.  */
| 
| #define PACKAGE_NAME "libjpeg-turbo"
| #define PACKAGE_TARNAME "libjpeg-turbo"
| #define PACKAGE_VERSION "1.3.0"
| #define PACKAGE_STRING "libjpeg-turbo 1.3.0"
| #define PACKAGE_BUGREPORT ""
| #define PACKAGE "libjpeg-turbo"
| #define VERSION "1.3.0"
| #define HAVE_PROTOTYPES 1
| #define STDC_HEADERS 1
| #define HAVE_SYS_TYPES_H 1
| #define HAVE_SYS_STAT_H 1
| #define HAVE_STDLIB_H 1
| #define HAVE_STRING_H 1
| #define HAVE_MEMORY_H 1
| #define HAVE_STRINGS_H 1
| #define HAVE_INTTYPES_H 1
| #define HAVE_STDINT_H 1
| #define HAVE_UNISTD_H 1
| #define HAVE_DLFCN_H 1
| #ifdef __cplusplus
| extern "C" void exit (int);
| #endif
| /* end confdefs.h.  */
| #include <ac_nonexistent.h>
configure:6046: result: x86_64-apple-darwin11-g++ -E
configure:6070: x86_64-apple-darwin11-g++ -E  conftest.cc
configure:6076: $? = 0
configure:6108: x86_64-apple-darwin11-g++ -E  conftest.cc
conftest.cc:26:28: fatal error: ac_nonexistent.h: No such file or directory
compilation terminated.
configure:6114: $? = 1
configure: failed program was:
| /* confdefs.h.  */
| 
| #define PACKAGE_NAME "libjpeg-turbo"
| #define PACKAGE_TARNAME "libjpeg-turbo"
| #define PACKAGE_VERSION "1.3.0"
| #define PACKAGE_STRING "libjpeg-turbo 1.3.0"
| #define PACKAGE_BUGREPORT ""
| #define PACKAGE "libjpeg-turbo"
| #define VERSION "1.3.0"
| #define HAVE_PROTOTYPES 1
| #define STDC_HEADERS 1
| #define HAVE_SYS_TYPES_H 1
| #define HAVE_SYS_STAT_H 1
| #define HAVE_STDLIB_H 1
| #define HAVE_STRING_H 1
| #define HAVE_MEMORY_H 1
| #define HAVE_STRINGS_H 1
| #define HAVE_INTTYPES_H 1
| #define HAVE_STDINT_H 1
| #define HAVE_UNISTD_H 1
| #define HAVE_DLFCN_H 1
| #ifdef __cplusplus
| extern "C" void exit (int);
| #endif
| /* end confdefs.h.  */
| #include <ac_nonexistent.h>
configure:6167: checking for x86_64-apple-darwin11-g77
configure:6196: result: no
configure:6167: checking for x86_64-apple-darwin11-f77
configure:6196: result: no
configure:6167: checking for x86_64-apple-darwin11-xlf
configure:6196: result: no
configure:6167: checking for x86_64-apple-darwin11-frt
configure:6196: result: no
configure:6167: checking for x86_64-apple-darwin11-pgf77
configure:6196: result: no
configure:6167: checking for x86_64-apple-darwin11-fort77
configure:6196: result: no
configure:6167: checking for x86_64-apple-darwin11-fl32
configure:6196: result: no
configure:6167: checking for x86_64-apple-darwin11-af77
configure:6196: result: no
configure:6167: checking for x86_64-apple-darwin11-f90
configure:6196: result: no
configure:6167: checking for x86_64-apple-darwin11-xlf90
configure:6196: result: no
configure:6167: checking for x86_64-apple-darwin11-pgf90
configure:6196: result: no
configure:6167: checking for x86_64-apple-darwin11-epcf90
configure:6196: result: no
configure:6167: checking for x86_64-apple-darwin11-f95
configure:6196: result: no
configure:6167: checking for x86_64-apple-darwin11-fort
configure:6196: result: no
configure:6167: checking for x86_64-apple-darwin11-xlf95
configure:6196: result: no
configure:6167: checking for x86_64-apple-darwin11-ifc
configure:6196: result: no
configure:6167: checking for x86_64-apple-darwin11-efc
configure:6196: result: no
configure:6167: checking for x86_64-apple-darwin11-pgf95
configure:6196: result: no
configure:6167: checking for x86_64-apple-darwin11-lf95
configure:6196: result: no
configure:6167: checking for x86_64-apple-darwin11-gfortran
configure:6196: result: no
configure:6209: checking for g77
configure:6238: result: no
configure:6209: checking for f77
configure:6238: result: no
configure:6209: checking for xlf
configure:6238: result: no
configure:6209: checking for frt
configure:6238: result: no
configure:6209: checking for pgf77
configure:6238: result: no
configure:6209: checking for fort77
configure:6238: result: no
configure:6209: checking for fl32
configure:6238: result: no
configure:6209: checking for af77
configure:6238: result: no
configure:6209: checking for f90
configure:6238: result: no
configure:6209: checking for xlf90
configure:6238: result: no
configure:6209: checking for pgf90
configure:6238: result: no
configure:6209: checking for epcf90
configure:6238: result: no
configure:6209: checking for f95
configure:6238: result: no
configure:6209: checking for fort
configure:6238: result: no
configure:6209: checking for xlf95
configure:6238: result: no
configure:6209: checking for ifc
configure:6238: result: no
configure:6209: checking for efc
configure:6238: result: no
configure:6209: checking for pgf95
configure:6238: result: no
configure:6209: checking for lf95
configure:6238: result: no
configure:6209: checking for gfortran
configure:6238: result: no
configure:6250: checking for Fortran 77 compiler version
configure:6253:  --version </dev/null >&5
./configure: line 6254: --version: command not found
configure:6256: $? = 127
configure:6258:  -v </dev/null >&5
./configure: line 6259: -v: command not found
configure:6261: $? = 127
configure:6263:  -V </dev/null >&5
./configure: line 6264: -V: command not found
configure:6266: $? = 127
configure:6274: checking whether we are using the GNU Fortran 77 compiler
configure:6288:  -c  conftest.F >&5
./configure: line 6289: -c: command not found
configure:6294: $? = 127
configure: failed program was:
|       program main
| #ifndef __GNUC__
|        choke me
| #endif
| 
|       end
configure:6320: result: no
configure:6326: checking whether  accepts -g
configure:6338:  -c -g conftest.f >&5
./configure: line 6339: -c: command not found
configure:6344: $? = 127
configure: failed program was:
|       program main
| 
|       end
configure:6369: result: no
configure:6399: checking the maximum length of command line arguments
configure:6464: result: 32768
configure:6475: checking command to parse /home/cosmin/osxcross/target/bin/x86_64-apple-darwin11-nm output from x86_64-apple-darwin11-gcc object
configure:6564: x86_64-apple-darwin11-gcc -c -O3 -m64 -mmacosx-version-min=10.6  conftest.c >&5
configure:6567: $? = 0
configure:6571: /home/cosmin/osxcross/target/bin/x86_64-apple-darwin11-nm conftest.o \| sed -n -e 's/^.*[ 	]\([BCDEGRST][BCDEGRST]*\)[ 	][ 	]*\(\)\([_A-Za-z][_A-Za-z0-9]*\)$/\1 \2\3 \3/p' \> conftest.nm
configure:6574: $? = 0
cannot find nm_test_var in conftest.nm
configure:6564: x86_64-apple-darwin11-gcc -c -O3 -m64 -mmacosx-version-min=10.6  conftest.c >&5
configure:6567: $? = 0
configure:6571: /home/cosmin/osxcross/target/bin/x86_64-apple-darwin11-nm conftest.o \| sed -n -e 's/^.*[ 	]\([BCDEGRST][BCDEGRST]*\)[ 	][ 	]*\(_\)\([_A-Za-z][_A-Za-z0-9]*\)$/\1 \2\3 \3/p' \> conftest.nm
configure:6574: $? = 0
configure:6626: x86_64-apple-darwin11-gcc -o conftest -O3 -m64 -mmacosx-version-min=10.6  -m64 -mmacosx-version-min=10.6 conftest.c conftstm.o >&5
configure:6629: $? = 0
configure:6667: result: ok
configure:6671: checking for objdir
configure:6686: result: .libs
configure:6738: checking for x86_64-apple-darwin11-ar
configure:6754: found /home/cosmin/osxcross/target/bin/x86_64-apple-darwin11-ar
configure:6764: result: x86_64-apple-darwin11-ar
configure:6818: checking for x86_64-apple-darwin11-ranlib
configure:6834: found /home/cosmin/osxcross/target/bin/x86_64-apple-darwin11-ranlib
configure:6844: result: x86_64-apple-darwin11-ranlib
configure:6898: checking for x86_64-apple-darwin11-strip
configure:6924: result: x86_64-apple-darwin11-strip
configure:7225: checking if x86_64-apple-darwin11-gcc static flag  works
configure:7248: result: yes
configure:7266: checking if x86_64-apple-darwin11-gcc supports -fno-rtti -fno-exceptions
configure:7284: x86_64-apple-darwin11-gcc -c -O3 -m64 -mmacosx-version-min=10.6  -fno-rtti -fno-exceptions conftest.c >&5
cc1: warning: command line option '-fno-rtti' is valid for C++/ObjC++ but not for C
configure:7288: $? = 0
configure:7299: result: no
configure:7314: checking for x86_64-apple-darwin11-gcc option to produce PIC
configure:7491: result: -fno-common
configure:7499: checking if x86_64-apple-darwin11-gcc PIC flag -fno-common works
configure:7517: x86_64-apple-darwin11-gcc -c -O3 -m64 -mmacosx-version-min=10.6  -fno-common -DPIC conftest.c >&5
configure:7521: $? = 0
configure:7532: result: yes
configure:7556: checking if x86_64-apple-darwin11-gcc supports -c -o file.o
configure:7577: x86_64-apple-darwin11-gcc -c -O3 -m64 -mmacosx-version-min=10.6  -o out/conftest2.o conftest.c >&5
configure:7581: $? = 0
configure:7601: result: yes
configure:7627: checking whether the x86_64-apple-darwin11-gcc linker (/home/cosmin/osxcross/target/bin/x86_64-apple-darwin11-ld) supports shared libraries
configure:8475: result: yes
configure:8546: checking dynamic linker characteristics
configure:9107: result: darwin11 dyld
configure:9111: checking how to hardcode library paths into programs
configure:9136: result: immediate
configure:9150: checking whether stripping libraries is possible
configure:9163: result: yes
configure:9985: checking if libtool supports shared libraries
configure:9987: result: yes
configure:9990: checking whether to build shared libraries
configure:10048: result: yes
configure:10051: checking whether to build static libraries
configure:10055: result: yes
configure:10147: creating libtool
configure:10694: checking for ld used by x86_64-apple-darwin11-g++
configure:10761: result: /home/cosmin/osxcross/target/bin/x86_64-apple-darwin11-ld
configure:10770: checking if the linker (/home/cosmin/osxcross/target/bin/x86_64-apple-darwin11-ld) is GNU ld
configure:10785: result: no
configure:10836: checking whether the x86_64-apple-darwin11-g++ linker (/home/cosmin/osxcross/target/bin/x86_64-apple-darwin11-ld) supports shared libraries
configure:11664: result: yes
configure:11682: x86_64-apple-darwin11-g++ -c -g -O2  conftest.cc >&5
configure:11685: $? = 0
configure:11781: checking for x86_64-apple-darwin11-g++ option to produce PIC
configure:12033: result: -fno-common
configure:12041: checking if x86_64-apple-darwin11-g++ PIC flag -fno-common works
configure:12059: x86_64-apple-darwin11-g++ -c -g -O2  -fno-common -DPIC conftest.cc >&5
configure:12063: $? = 0
configure:12074: result: yes
configure:12098: checking if x86_64-apple-darwin11-g++ supports -c -o file.o
configure:12119: x86_64-apple-darwin11-g++ -c -g -O2  -o out/conftest2.o conftest.cc >&5
configure:12123: $? = 0
configure:12143: result: yes
configure:12169: checking whether the x86_64-apple-darwin11-g++ linker (/home/cosmin/osxcross/target/bin/x86_64-apple-darwin11-ld) supports shared libraries
configure:12194: result: yes
configure:12265: checking dynamic linker characteristics
configure:12826: result: darwin11 dyld
configure:12830: checking how to hardcode library paths into programs
configure:12855: result: immediate
configure:12869: checking whether stripping libraries is possible
configure:12882: result: yes
configure:20151: checking whether ln -s works
configure:20155: result: yes
configure:20210: checking whether compiler supports pointers to undefined structures
configure:20228: x86_64-apple-darwin11-gcc -c -O3 -m64 -mmacosx-version-min=10.6  conftest.c >&5
configure:20234: $? = 0
configure:20238: test -z 
			 || test ! -s conftest.err
configure:20241: $? = 0
configure:20244: test -s conftest.o
configure:20247: $? = 0
configure:20249: result: yes
configure:20274: checking whether __SUNPRO_C is declared
configure:20298: x86_64-apple-darwin11-gcc -c -O3 -m64 -mmacosx-version-min=10.6 -Wall conftest.c >&5
conftest.c: In function 'main':
conftest.c:64:22: error: '__SUNPRO_C' undeclared (first use in this function)
   char *p = (char *) __SUNPRO_C;
                      ^
conftest.c:64:22: note: each undeclared identifier is reported only once for each function it appears in
conftest.c:64:9: warning: unused variable 'p' [-Wunused-variable]
   char *p = (char *) __SUNPRO_C;
         ^
configure:20304: $? = 1
configure: failed program was:
| /* confdefs.h.  */
| 
| #define PACKAGE_NAME "libjpeg-turbo"
| #define PACKAGE_TARNAME "libjpeg-turbo"
| #define PACKAGE_VERSION "1.3.0"
| #define PACKAGE_STRING "libjpeg-turbo 1.3.0"
| #define PACKAGE_BUGREPORT ""
| #define PACKAGE "libjpeg-turbo"
| #define VERSION "1.3.0"
| #define HAVE_PROTOTYPES 1
| #define STDC_HEADERS 1
| #define HAVE_SYS_TYPES_H 1
| #define HAVE_SYS_STAT_H 1
| #define HAVE_STDLIB_H 1
| #define HAVE_STRING_H 1
| #define HAVE_MEMORY_H 1
| #define HAVE_STRINGS_H 1
| #define HAVE_INTTYPES_H 1
| #define HAVE_STDINT_H 1
| #define HAVE_UNISTD_H 1
| #define HAVE_DLFCN_H 1
| #ifdef __cplusplus
| extern "C" void exit (int);
| #endif
| /* end confdefs.h.  */
| #include <stdio.h>
| #if HAVE_SYS_TYPES_H
| # include <sys/types.h>
| #endif
| #if HAVE_SYS_STAT_H
| # include <sys/stat.h>
| #endif
| #if STDC_HEADERS
| # include <stdlib.h>
| # include <stddef.h>
| #else
| # if HAVE_STDLIB_H
| #  include <stdlib.h>
| # endif
| #endif
| #if HAVE_STRING_H
| # if !STDC_HEADERS && HAVE_MEMORY_H
| #  include <memory.h>
| # endif
| # include <string.h>
| #endif
| #if HAVE_STRINGS_H
| # include <strings.h>
| #endif
| #if HAVE_INTTYPES_H
| # include <inttypes.h>
| #else
| # if HAVE_STDINT_H
| #  include <stdint.h>
| # endif
| #endif
| #if HAVE_UNISTD_H
| # include <unistd.h>
| #endif
| int
| main ()
| {
| #ifndef __SUNPRO_C
|   char *p = (char *) __SUNPRO_C;
| #endif
| 
|   ;
|   return 0;
| }
configure:20328: result: no
configure:20345: checking for ANSI C header files
configure:20501: result: yes
configure:20527: checking stddef.h usability
configure:20539: x86_64-apple-darwin11-gcc -c -O3 -m64 -mmacosx-version-min=10.6 -Wall conftest.c >&5
configure:20545: $? = 0
configure:20549: test -z 
			 || test ! -s conftest.err
configure:20552: $? = 0
configure:20555: test -s conftest.o
configure:20558: $? = 0
configure:20568: result: yes
configure:20572: checking stddef.h presence
configure:20582: x86_64-apple-darwin11-gcc -E -Wall conftest.c
configure:20588: $? = 0
configure:20608: result: yes
configure:20643: checking for stddef.h
configure:20650: result: yes
configure:20518: checking for stdlib.h
configure:20523: result: yes
configure:20518: checking for string.h
configure:20523: result: yes
configure:20664: checking for sys/types.h
configure:20669: result: yes
configure:20811: checking for an ANSI C-conforming const
configure:20878: x86_64-apple-darwin11-gcc -c -O3 -m64 -mmacosx-version-min=10.6 -Wall conftest.c >&5
conftest.c: In function 'main':
conftest.c:58:17: warning: unused variable 's' [-Wunused-variable]
     char const *s = 0 ? (char *) 0 : (char const *) 0;
                 ^
conftest.c:78:15: warning: unused variable 'foo' [-Wunused-variable]
     const int foo = 10;
               ^
conftest.c:45:29: warning: unused variable 'zero' [-Wunused-variable]
   static struct point const zero = {0,0};
                             ^
conftest.c:39:17: warning: unused variable 'x' [-Wunused-variable]
   const charset x;
                 ^
conftest.c:60:7: warning: 't' is used uninitialized in this function [-Wuninitialized]
     *t++ = 0;
       ^
conftest.c:75:23: warning: 'b' is used uninitialized in this function [-Wuninitialized]
     struct s *b; b->j = 5;
                       ^
configure:20884: $? = 0
configure:20888: test -z 
			 || test ! -s conftest.err
configure:20891: $? = 0
configure:20894: test -s conftest.o
configure:20897: $? = 0
configure:20908: result: yes
configure:20919: checking whether char is unsigned
configure:20942: x86_64-apple-darwin11-gcc -c -O3 -m64 -mmacosx-version-min=10.6 -Wall conftest.c >&5
conftest.c: In function 'main':
conftest.c:68:12: warning: variable 'test_array' set but not used [-Wunused-but-set-variable]
 static int test_array [1 - 2 * !(((char) -1) < 0)];
            ^
configure:20948: $? = 0
configure:20952: test -z 
			 || test ! -s conftest.err
configure:20955: $? = 0
configure:20958: test -s conftest.o
configure:20961: $? = 0
configure:20972: result: no
configure:20981: checking for inline
configure:21002: x86_64-apple-darwin11-gcc -c -O3 -m64 -mmacosx-version-min=10.6 -Wall conftest.c >&5
configure:21008: $? = 0
configure:21012: test -z 
			 || test ! -s conftest.err
configure:21015: $? = 0
configure:21018: test -s conftest.o
configure:21021: $? = 0
configure:21033: result: inline
configure:21052: checking for size_t
configure:21076: x86_64-apple-darwin11-gcc -c -O3 -m64 -mmacosx-version-min=10.6 -Wall conftest.c >&5
configure:21082: $? = 0
configure:21086: test -z 
			 || test ! -s conftest.err
configure:21089: $? = 0
configure:21092: test -s conftest.o
configure:21095: $? = 0
configure:21106: result: yes
configure:21118: checking for unsigned char
configure:21142: x86_64-apple-darwin11-gcc -c -O3 -m64 -mmacosx-version-min=10.6 -Wall conftest.c >&5
configure:21148: $? = 0
configure:21152: test -z 
			 || test ! -s conftest.err
configure:21155: $? = 0
configure:21158: test -s conftest.o
configure:21161: $? = 0
configure:21172: result: yes
configure:21182: checking for unsigned short
configure:21206: x86_64-apple-darwin11-gcc -c -O3 -m64 -mmacosx-version-min=10.6 -Wall conftest.c >&5
configure:21212: $? = 0
configure:21216: test -z 
			 || test ! -s conftest.err
configure:21219: $? = 0
configure:21222: test -s conftest.o
configure:21225: $? = 0
configure:21236: result: yes
configure:21248: checking if right shift is signed
configure:21251: result: Assuming that right shift is signed on target machine.
configure:21312: checking for short external names
configure:21331: x86_64-apple-darwin11-gcc -o conftest -O3 -m64 -mmacosx-version-min=10.6 -Wall -m64 -mmacosx-version-min=10.6 conftest.c  >&5
configure:21337: $? = 0
configure:21341: test -z 
			 || test ! -s conftest.err
configure:21344: $? = 0
configure:21347: test -s conftest
configure:21350: $? = 0
configure:21352: result: ok
configure:21375: checking for memset
configure:21432: x86_64-apple-darwin11-gcc -o conftest -O3 -m64 -mmacosx-version-min=10.6 -Wall -m64 -mmacosx-version-min=10.6 conftest.c  >&5
conftest.c:57:6: warning: conflicting types for built-in function 'memset'
 char memset ();
      ^
configure:21438: $? = 0
configure:21442: test -z 
			 || test ! -s conftest.err
configure:21445: $? = 0
configure:21448: test -s conftest
configure:21451: $? = 0
configure:21463: result: yes
configure:21375: checking for memcpy
configure:21432: x86_64-apple-darwin11-gcc -o conftest -O3 -m64 -mmacosx-version-min=10.6 -Wall -m64 -mmacosx-version-min=10.6 conftest.c  >&5
conftest.c:58:6: warning: conflicting types for built-in function 'memcpy'
 char memcpy ();
      ^
configure:21438: $? = 0
configure:21442: test -z 
			 || test ! -s conftest.err
configure:21445: $? = 0
configure:21448: test -s conftest
configure:21451: $? = 0
configure:21463: result: yes
configure:21480: checking libjpeg API version
configure:21508: result: 6.2
configure:21537: checking whether to include in-memory source/destination managers
configure:21546: result: yes
configure:21562: checking libjpeg shared library version
configure:21564: result: 62.1.0
configure:21586: checking whether the linker supports version scripts
configure:21611: x86_64-apple-darwin11-gcc -o conftest -O3 -m64 -mmacosx-version-min=10.6 -Wall -m64 -mmacosx-version-min=10.6 -Wl,--version-script,conftest.map conftest.c  >&5
ld: unknown option: --version-script
collect2: error: ld returned 1 exit status
configure:21617: $? = 1
configure: failed program was:
| /* confdefs.h.  */
| 
| #define PACKAGE_NAME "libjpeg-turbo"
| #define PACKAGE_TARNAME "libjpeg-turbo"
| #define PACKAGE_VERSION "1.3.0"
| #define PACKAGE_STRING "libjpeg-turbo 1.3.0"
| #define PACKAGE_BUGREPORT ""
| #define PACKAGE "libjpeg-turbo"
| #define VERSION "1.3.0"
| #define HAVE_PROTOTYPES 1
| #define STDC_HEADERS 1
| #define HAVE_SYS_TYPES_H 1
| #define HAVE_SYS_STAT_H 1
| #define HAVE_STDLIB_H 1
| #define HAVE_STRING_H 1
| #define HAVE_MEMORY_H 1
| #define HAVE_STRINGS_H 1
| #define HAVE_INTTYPES_H 1
| #define HAVE_STDINT_H 1
| #define HAVE_UNISTD_H 1
| #define HAVE_DLFCN_H 1
| #ifdef __cplusplus
| extern "C" void exit (int);
| #endif
| #define STDC_HEADERS 1
| #define HAVE_STDDEF_H 1
| #define HAVE_STDLIB_H 1
| #define HAVE_STRING_H 1
| #define NEED_SYS_TYPES_H 1
| #define HAVE_UNSIGNED_CHAR 1
| #define HAVE_UNSIGNED_SHORT 1
| #define HAVE_MEMSET 1
| #define HAVE_MEMCPY 1
| #define JPEG_LIB_VERSION 62
| #define MEM_SRCDST_SUPPORTED 1
| #define LIBJPEG_TURBO_VERSION 1.3.0
| /* end confdefs.h.  */
| 
| int
| main ()
| {
| 
|   ;
|   return 0;
| }
configure:21660: x86_64-apple-darwin11-gcc -o conftest -O3 -m64 -mmacosx-version-min=10.6 -Wall -m64 -mmacosx-version-min=10.6 -Wl,-M,conftest.map conftest.c  >&5
ld: warning: ignoring file conftest.map, file was built for unsupported file format ( 0x56 0x45 0x52 0x53 0x5F 0x31 0x20 0x7B 0x0A 0x20 0x20 0x67 0x6C 0x6F 0x62 0x61 ) which is not the architecture being linked (x86_64): conftest.map
configure:21666: $? = 0
configure:21670: test -z 
			 || test ! -s conftest.err
configure:21673: $? = 0
configure:21676: test -s conftest
configure:21679: $? = 0
configure:21682: result: yes (Sun style)
configure:21699: checking whether to use version script when building libjpeg-turbo
configure:21701: result: yes
configure:21717: checking for inline
configure:21737: x86_64-apple-darwin11-gcc -c -O3 -m64 -mmacosx-version-min=10.6 -Wall conftest.c >&5
conftest.c:42:38: warning: always_inline function might not be inlinable [-Wattributes]
 } __attribute__((always_inline)) int foo() { return 0; }
                                      ^
configure:21743: $? = 0
configure:21747: test -z 
			 || test ! -s conftest.err
configure:21750: $? = 0
configure:21753: test -s conftest.o
configure:21756: $? = 0
configure:21900: result: __attribute__((always_inline))
configure:21909: checking whether to include arithmetic encoding support
configure:21927: result: yes
configure:21941: checking whether to include arithmetic decoding support
configure:21959: result: yes
configure:21985: checking whether to build TurboJPEG C wrapper
configure:21998: result: yes
configure:22022: checking whether to build TurboJPEG Java wrapper
configure:22218: result: no
configure:22263: checking if we have SIMD optimisations for cpu type
configure:22267: result: yes (x86_64)
configure:22275: checking for nasm
configure:22301: result: /opt/local/bin/nasm
configure:22315: checking for object file format of host system
configure:22389: result: Mach-O64
configure:22397: checking for object file format specifier (NAFLAGS) 
configure:22412: result: -fmacho64 -DMACHO -D__x86_64__
configure:22416: checking whether the assembler (/opt/local/bin/nasm -fmacho64 -DMACHO -D__x86_64__) works
configure:22427: /opt/local/bin/nasm -fmacho64 -DMACHO -D__x86_64__ -o conftest.o conftest.asm
./configure: line 22428: /opt/local/bin/nasm: No such file or directory
configure:22430: $? = 127
configure: failed program was:
%line 22419 "configure"
        section .text
        global  _main,main
_main:
main:   xor     eax,eax
        ret
configure:22438: result: no
configure:22440: error: installation or configuration problem: assembler cannot create object files.

## ---------------- ##
## Cache variables. ##
## ---------------- ##

ac_cv_build=x86_64-unknown-linux-gnu
ac_cv_build_alias=x86_64-unknown-linux-gnu
ac_cv_c_char_unsigned=no
ac_cv_c_compiler_gnu=yes
ac_cv_c_const=yes
ac_cv_c_inline=inline
ac_cv_cxx_compiler_gnu=yes
ac_cv_env_CCASFLAGS_set=
ac_cv_env_CCASFLAGS_value=
ac_cv_env_CCAS_set=
ac_cv_env_CCAS_value=
ac_cv_env_CC_set=
ac_cv_env_CC_value=
ac_cv_env_CFLAGS_set=set
ac_cv_env_CFLAGS_value='-O3 -m64 -mmacosx-version-min=10.6'
ac_cv_env_CPPFLAGS_set=
ac_cv_env_CPPFLAGS_value=
ac_cv_env_CPP_set=
ac_cv_env_CPP_value=
ac_cv_env_CXXCPP_set=
ac_cv_env_CXXCPP_value=
ac_cv_env_CXXFLAGS_set=
ac_cv_env_CXXFLAGS_value=
ac_cv_env_CXX_set=
ac_cv_env_CXX_value=
ac_cv_env_F77_set=
ac_cv_env_F77_value=
ac_cv_env_FFLAGS_set=
ac_cv_env_FFLAGS_value=
ac_cv_env_JAR_set=
ac_cv_env_JAR_value=
ac_cv_env_JAVACFLAGS_set=
ac_cv_env_JAVACFLAGS_value=
ac_cv_env_JAVAC_set=
ac_cv_env_JAVAC_value=
ac_cv_env_JAVA_set=
ac_cv_env_JAVA_value=
ac_cv_env_JNI_CFLAGS_set=
ac_cv_env_JNI_CFLAGS_value=
ac_cv_env_JPEG_LIB_VERSION_set=
ac_cv_env_JPEG_LIB_VERSION_value=
ac_cv_env_LDFLAGS_set=set
ac_cv_env_LDFLAGS_value='-m64 -mmacosx-version-min=10.6'
ac_cv_env_PKGNAME_set=
ac_cv_env_PKGNAME_value=
ac_cv_env_SO_MAJOR_VERSION_set=
ac_cv_env_SO_MAJOR_VERSION_value=
ac_cv_env_SO_MINOR_VERSION_set=
ac_cv_env_SO_MINOR_VERSION_value=
ac_cv_env_build_alias_set=
ac_cv_env_build_alias_value=
ac_cv_env_host_alias_set=set
ac_cv_env_host_alias_value=x86_64-apple-darwin11
ac_cv_env_target_alias_set=
ac_cv_env_target_alias_value=
ac_cv_exeext=
ac_cv_f77_compiler_gnu=no
ac_cv_func_memcpy=yes
ac_cv_func_memset=yes
ac_cv_have_decl___SUNPRO_C=no
ac_cv_header_dlfcn_h=yes
ac_cv_header_inttypes_h=yes
ac_cv_header_memory_h=yes
ac_cv_header_stdc=yes
ac_cv_header_stddef_h=yes
ac_cv_header_stdint_h=yes
ac_cv_header_stdlib_h=yes
ac_cv_header_string_h=yes
ac_cv_header_strings_h=yes
ac_cv_header_sys_stat_h=yes
ac_cv_header_sys_types_h=yes
ac_cv_header_unistd_h=yes
ac_cv_host=x86_64-apple-darwin11
ac_cv_host_alias=x86_64-apple-darwin11
ac_cv_objext=o
ac_cv_path_install='/usr/bin/install -c'
ac_cv_prog_AR=x86_64-apple-darwin11-ar
ac_cv_prog_AWK=mawk
ac_cv_prog_CC=x86_64-apple-darwin11-gcc
ac_cv_prog_CPP='x86_64-apple-darwin11-gcc -E'
ac_cv_prog_CXX=x86_64-apple-darwin11-g++
ac_cv_prog_CXXCPP='x86_64-apple-darwin11-g++ -E'
ac_cv_prog_NASM=/opt/local/bin/nasm
ac_cv_prog_RANLIB=x86_64-apple-darwin11-ranlib
ac_cv_prog_STRIP=x86_64-apple-darwin11-strip
ac_cv_prog_cc_g=yes
ac_cv_prog_cc_stdc=
ac_cv_prog_cxx_g=yes
ac_cv_prog_egrep='grep -E'
ac_cv_prog_f77_g=no
ac_cv_prog_make_make_set=yes
ac_cv_type_size_t=yes
ac_cv_type_unsigned_char=yes
ac_cv_type_unsigned_short=yes
am_cv_CC_dependencies_compiler_type=gcc3
am_cv_CXX_dependencies_compiler_type=gcc3
ljt_cv_inline='__attribute__((always_inline))'
lt_cv_deplibs_check_method=pass_all
lt_cv_file_magic_cmd='$MAGIC_CMD'
lt_cv_file_magic_test_file=
lt_cv_ld_reload_flag=-r
lt_cv_objdir=.libs
lt_cv_path_LD=/home/cosmin/osxcross/target/bin/x86_64-apple-darwin11-ld
lt_cv_path_LDCXX=/home/cosmin/osxcross/target/bin/x86_64-apple-darwin11-ld
lt_cv_path_NM=/home/cosmin/osxcross/target/bin/x86_64-apple-darwin11-nm
lt_cv_path_SED=/bin/sed
lt_cv_prog_compiler_c_o=yes
lt_cv_prog_compiler_c_o_CXX=yes
lt_cv_prog_compiler_rtti_exceptions=no
lt_cv_prog_gnu_ld=no
lt_cv_prog_gnu_ldcxx=no
lt_cv_sys_global_symbol_pipe='sed -n -e '\''s/^.*[ 	]\([BCDEGRST][BCDEGRST]*\)[ 	][ 	]*\(_\)\([_A-Za-z][_A-Za-z0-9]*\)$/\1 \2\3 \3/p'\'''
lt_cv_sys_global_symbol_to_c_name_address='sed -n -e '\''s/^: \([^ ]*\) $/  {\"\1\", (lt_ptr) 0},/p'\'' -e '\''s/^[BCDEGRST] \([^ ]*\) \([^ ]*\)$/  {"\2", (lt_ptr) \&\2},/p'\'''
lt_cv_sys_global_symbol_to_cdecl='sed -n -e '\''s/^. .* \(.*\)$/extern int \1;/p'\'''
lt_cv_sys_max_cmd_len=32768
lt_lt_cv_prog_compiler_c_o='"yes"'
lt_lt_cv_prog_compiler_c_o_CXX='"yes"'
lt_lt_cv_sys_global_symbol_pipe='"sed -n -e '\''s/^.*[ 	]\\([BCDEGRST][BCDEGRST]*\\)[ 	][ 	]*\\(_\\)\\([_A-Za-z][_A-Za-z0-9]*\\)\$/\\1 \\2\\3 \\3/p'\''"'
lt_lt_cv_sys_global_symbol_to_c_name_address='"sed -n -e '\''s/^: \\([^ ]*\\) \$/  {\\\"\\1\\\", (lt_ptr) 0},/p'\'' -e '\''s/^[BCDEGRST] \\([^ ]*\\) \\([^ ]*\\)\$/  {\"\\2\", (lt_ptr) \\&\\2},/p'\''"'
lt_lt_cv_sys_global_symbol_to_cdecl='"sed -n -e '\''s/^. .* \\(.*\\)\$/extern int \\1;/p'\''"'

## ----------------- ##
## Output variables. ##
## ----------------- ##

ACLOCAL='${SHELL} /home/cosmin/luapower/csrc/libjpeg/src/missing --run aclocal-1.9'
AMDEPBACKSLASH='\'
AMDEP_FALSE='#'
AMDEP_TRUE=''
AMTAR='${SHELL} /home/cosmin/luapower/csrc/libjpeg/src/missing --run tar'
AR='x86_64-apple-darwin11-ar'
AUTOCONF='${SHELL} /home/cosmin/luapower/csrc/libjpeg/src/missing --run autoconf'
AUTOHEADER='${SHELL} /home/cosmin/luapower/csrc/libjpeg/src/missing --run autoheader'
AUTOMAKE='${SHELL} /home/cosmin/luapower/csrc/libjpeg/src/missing --run automake-1.9'
AWK='mawk'
BUILD='20151103'
CC='x86_64-apple-darwin11-gcc'
CCAS='x86_64-apple-darwin11-gcc'
CCASFLAGS='-O3 -m64 -mmacosx-version-min=10.6'
CCDEPMODE='depmode=gcc3'
CFLAGS='-O3 -m64 -mmacosx-version-min=10.6'
CPP='x86_64-apple-darwin11-gcc -E'
CPPFLAGS='-Wall'
CXX='x86_64-apple-darwin11-g++'
CXXCPP='x86_64-apple-darwin11-g++ -E'
CXXDEPMODE='depmode=gcc3'
CXXFLAGS='-g -O2'
CYGPATH_W='echo'
DEBARCH=''
DEFS=''
DEPDIR='.deps'
ECHO='echo'
ECHO_C=''
ECHO_N='-n'
ECHO_T=''
EGREP='grep -E'
EXEEXT=''
F77=''
FFLAGS=''
INSTALL_DATA='${INSTALL} -m 644'
INSTALL_PROGRAM='${INSTALL}'
INSTALL_SCRIPT='${INSTALL}'
INSTALL_STRIP_PROGRAM='${SHELL} $(install_sh) -c -s'
JAR='jar'
JAVA='java'
JAVAC='javac'
JAVACFLAGS=''
JAVA_RPM_CONTENTS_1=''
JAVA_RPM_CONTENTS_2=''
JNI_CFLAGS=''
JPEG_LIB_VERSION='62'
JPEG_LIB_VERSION_DECIMAL='6.2'
LDFLAGS='-m64 -mmacosx-version-min=10.6'
LIBOBJS=''
LIBS=''
LIBTOOL='$(SHELL) $(top_builddir)/libtool'
LIBTOOL_CURRENT='63'
LN_S='ln -s'
LTLIBOBJS=''
MAKEINFO='${SHELL} /home/cosmin/luapower/csrc/libjpeg/src/missing --run makeinfo'
MEM_SRCDST_FUNCTIONS='global:  jpeg_mem_dest;  jpeg_mem_src;'
NAFLAGS='-fmacho64 -DMACHO -D__x86_64__'
NASM='/opt/local/bin/nasm'
OBJEXT='o'
PACKAGE='libjpeg-turbo'
PACKAGE_BUGREPORT=''
PACKAGE_NAME='libjpeg-turbo'
PACKAGE_STRING='libjpeg-turbo 1.3.0'
PACKAGE_TARNAME='libjpeg-turbo'
PACKAGE_VERSION='1.3.0'
PATH_SEPARATOR=':'
PKGNAME=''
RANLIB='x86_64-apple-darwin11-ranlib'
RPMARCH=''
RPM_CONFIG_ARGS=''
SET_MAKE=''
SHELL='/bin/bash'
SIMD_ARM_FALSE=''
SIMD_ARM_TRUE=''
SIMD_I386_FALSE=''
SIMD_I386_TRUE=''
SIMD_X86_64_FALSE=''
SIMD_X86_64_TRUE=''
SO_AGE='1'
SO_MAJOR_VERSION='62'
SO_MINOR_VERSION='0'
STRIP='x86_64-apple-darwin11-strip'
VERSION='1.3.0'
VERSION_SCRIPT_FALSE='#'
VERSION_SCRIPT_FLAG='-Wl,-M,'
VERSION_SCRIPT_TRUE=''
WITH_ARITH_DEC_FALSE='#'
WITH_ARITH_DEC_TRUE=''
WITH_ARITH_ENC_FALSE='#'
WITH_ARITH_ENC_TRUE=''
WITH_ARITH_FALSE='#'
WITH_ARITH_TRUE=''
WITH_JAVA='0'
WITH_JAVA_FALSE=''
WITH_JAVA_TRUE='#'
WITH_SIMD_FALSE=''
WITH_SIMD_TRUE=''
WITH_SSE_FLOAT_DCT_FALSE=''
WITH_SSE_FLOAT_DCT_TRUE=''
WITH_TURBOJPEG_FALSE=''
WITH_TURBOJPEG_TRUE=''
X86_64_FALSE=''
X86_64_TRUE=''
ac_ct_AR=''
ac_ct_CC=''
ac_ct_CXX=''
ac_ct_F77=''
ac_ct_RANLIB=''
ac_ct_STRIP=''
am__fastdepCC_FALSE='#'
am__fastdepCC_TRUE=''
am__fastdepCXX_FALSE='#'
am__fastdepCXX_TRUE=''
am__include='include'
am__leading_dot='.'
am__quote=''
am__tar='${AMTAR} chof - "$$tardir"'
am__untar='${AMTAR} xf -'
bindir='${exec_prefix}/bin'
build='x86_64-unknown-linux-gnu'
build_alias=''
build_cpu='x86_64'
build_os='linux-gnu'
build_vendor='unknown'
datadir='${prefix}'
exec_prefix='NONE'
host='x86_64-apple-darwin11'
host_alias='x86_64-apple-darwin11'
host_cpu='x86_64'
host_os='darwin11'
host_vendor='apple'
includedir='${prefix}/include'
infodir='${prefix}/info'
install_sh='/home/cosmin/luapower/csrc/libjpeg/src/install-sh'
libdir='${exec_prefix}/lib'
libexecdir='${exec_prefix}/libexec'
localstatedir='${prefix}/var'
mandir='${prefix}/man'
mkdir_p='mkdir -p --'
oldincludedir='/usr/include'
prefix='NONE'
program_transform_name='s,x,x,'
sbindir='${exec_prefix}/sbin'
sharedstatedir='${prefix}/com'
sysconfdir='${prefix}/etc'
target_alias=''

## ----------- ##
## confdefs.h. ##
## ----------- ##

#define C_ARITH_CODING_SUPPORTED 1
#define D_ARITH_CODING_SUPPORTED 1
#define HAVE_DLFCN_H 1
#define HAVE_INTTYPES_H 1
#define HAVE_MEMCPY 1
#define HAVE_MEMORY_H 1
#define HAVE_MEMSET 1
#define HAVE_PROTOTYPES 1
#define HAVE_STDDEF_H 1
#define HAVE_STDINT_H 1
#define HAVE_STDLIB_H 1
#define HAVE_STDLIB_H 1
#define HAVE_STRINGS_H 1
#define HAVE_STRING_H 1
#define HAVE_STRING_H 1
#define HAVE_SYS_STAT_H 1
#define HAVE_SYS_TYPES_H 1
#define HAVE_UNISTD_H 1
#define HAVE_UNSIGNED_CHAR 1
#define HAVE_UNSIGNED_SHORT 1
#define INLINE __attribute__((always_inline))
#define JPEG_LIB_VERSION 62
#define LIBJPEG_TURBO_VERSION 1.3.0
#define MEM_SRCDST_SUPPORTED 1
#define NEED_SYS_TYPES_H 1
#define PACKAGE "libjpeg-turbo"
#define PACKAGE_BUGREPORT ""
#define PACKAGE_NAME "libjpeg-turbo"
#define PACKAGE_STRING "libjpeg-turbo 1.3.0"
#define PACKAGE_TARNAME "libjpeg-turbo"
#define PACKAGE_VERSION "1.3.0"
#define STDC_HEADERS 1
#define STDC_HEADERS 1
#define VERSION "1.3.0"
#endif
#ifdef __cplusplus
extern "C" void exit (int);

configure: exit 1
